Tue Apr 26 16:18:59 2022
 message: server: init
Tue Apr 26 16:19:01 2022
 message: server: connect, please send the word (to exit, enter 'exit')
Tue Apr 26 16:19:02 2022
 message: frfrf
Tue Apr 26 16:19:02 2022
 message:  frfr
Tue Apr 26 16:19:03 2022
 message: frfrf
Tue Apr 26 16:19:05 2022
 message:  exit
Tue Apr 26 16:22:11 2022
 message: server: init
Tue Apr 26 16:22:13 2022
 message: server: connect, please send the word (to exit, enter 'exit')
Tue Apr 26 16:22:19 2022
 message:    dc
Tue Apr 26 16:22:19 2022
 message: dcdcd
Tue Apr 26 16:22:19 2022
 message:  cdcd
Tue Apr 26 16:22:21 2022
 message:  cdcd
Tue Apr 26 16:22:21 2022
 message:  exit
